<?xml version="1.0" encoding="UTF-8"?>
<!-- Generated by org.testng.reporters.JUnitReportReporter -->
<testsuite hostname="IN-PG02P7D5" failures="0" tests="1" name="Test.Base" time="13.612" errors="0" timestamp="04 Jun 2022 08:55:39 GMT" skipped="0">
  <testcase classname="Test.Base" name="base" time="13.612"/>
</testsuite> <!-- Test.Base -->
